[DEBUG] 2023-05-11 11:00:00 ModuleA: Initialization started.
[DEBUG] 2023-05-11 11:00:01 ModuleA: Step 1 complete.
[DEBUG] 2023-05-11 11:00:02 ModuleA: Step 2 check - PASS.
[DEBUG] 2023-05-11 11:00:03 ModuleB: Attempting connection.
[WARN]  2023-05-11 11:00:04 ModuleB: Connection attempt 1 did FAIL. Retrying.
[DEBUG] 2023-05-11 11:00:05 ModuleB: Connection attempt 2.
[ERROR] 2023-05-11 11:00:06 ModuleB: Connection FAILed permanently.
[DEBUG] 2023-05-11 11:00:07 ModuleC: Data validation.
[INFO]  2023-05-11 11:00:08 ModuleC: Validation successful.
[DEBUG] 2023-05-11 11:00:09 System: Test case XYZ execution.
[WARN]  2023-05-11 11:00:10 System: Test case XYZ results indicate a FAIL.
[DEBUG] 2023-05-11 11:00:00 ModuleA: Initialization started.
[DEBUG] 2023-05-11 11:00:01 ModuleA: Step 1 complete.
[DEBUG] 2023-05-11 11:00:02 ModuleA: Step 2 check - PASS.
[DEBUG] 2023-05-11 11:00:03 ModuleB: Attempting connection.
[WARN]  2023-05-11 11:00:04 ModuleB: Connection attempt 1 did FAIL. Retrying.
[DEBUG] 2023-05-11 11:00:05 ModuleB: Connection attempt 2.
[ERROR] 2023-05-11 11:00:06 ModuleB: Connection FAILed permanently.
[DEBUG] 2023-05-11 11:00:07 ModuleC: Data validation.
[INFO]  2023-05-11 11:00:08 ModuleC: Validation successful.
[DEBUG] 2023-05-11 11:00:09 System: Test case XYZ execution.
[WARN]  2023-05-11 11:00:10 System: Test case XYZ results indicate a FAIL.
[DEBUG] 2023-05-11 11:00:00 ModuleA: Initialization started.
[DEBUG] 2023-05-11 11:00:01 ModuleA: Step 1 complete.
[DEBUG] 2023-05-11 11:00:02 ModuleA: Step 2 check - PASS.
[DEBUG] 2023-05-11 11:00:03 ModuleB: Attempting connection.
[WARN]  2023-05-11 11:00:04 ModuleB: Connection attempt 1 did FAIL. Retrying.
[DEBUG] 2023-05-11 11:00:05 ModuleB: Connection attempt 2.
[ERROR] 2023-05-11 11:00:06 ModuleB: Connection FAILed permanently.
[DEBUG] 2023-05-11 11:00:07 ModuleC: Data validation.
[INFO]  2023-05-11 11:00:08 ModuleC: Validation successful.
[DEBUG] 2023-05-11 11:00:09 System: Test case XYZ execution.
[WARN]  2023-05-11 11:00:10 System: Test case XYZ results indicate a FAIL.
[DEBUG] 2023-05-11 11:00:11 System: Done.